<?xml version="1.0" encoding="UTF-8"?>
<testsuite xmlns:xsi="http://www.w3.org/2001/XMLSchema-instance" xsi:noNamespaceSchemaLocation="https://maven.apache.org/surefire/maven-surefire-plugin/xsd/surefire-test-report-3.0.xsd" version="3.0" name="TestSuite" time="16.327" tests="3" errors="0" skipped="0" failures="0">
  <properties>
[...]
</properties>
  <testcase name="runScenario[&quot;Add one quantity from Store&quot;, &quot;Optional[Add to cart]&quot;](2)" classname="acceptence.runners.MyTestNGRunnerTest" time="9.597">
    <system-out><![CDATA[
@smoke
Scenario Outline: Add one quantity from Store       &amp#27;[90m# src/test/resources/acceptence/add_to_cart.feature:11&amp#27;[0m

@smoke
Scenario Outline: Add one quantity from Store  &amp#27;[90m# src/test/resources/acceptence/add_to_cart.feature:10&amp#27;[0m

Scenario: using default payment option         &amp#27;[90m# src/test/resources/acceptence/guest_place_an_order.feature:3&amp#27;[0m
BEFORE: THREAD ID : 19,SCENARIO NAME: using default payment option
BEFORE: THREAD ID : 17,SCENARIO NAME: Add one quantity from Store
BEFORE: THREAD ID : 18,SCENARIO NAME: Add one quantity from Store
  &amp#27;[32mGiven &amp#27;[0m&amp#27;[32mI'm on the Store Page&amp#27;[0m                       &amp#27;[90m# acceptence.stepdefinations.StoreStepDefinitions.iMOnTheStorePage()&amp#27;[0m
  &amp#27;[32mGiven &amp#27;[0m&amp#27;[32mI'm on the Store Page&amp#27;[0m                  &amp#27;[90m# acceptence.stepdefinations.StoreStepDefinitions.iMOnTheStorePage()&amp#27;[0m
  &amp#27;[32mGiven &amp#27;[0m&amp#27;[32mI'm a guest customer&amp#27;[0m                   &amp#27;[90m# acceptence.stepdefinations.CustomerStepDefinitions.iMAGuestCustomer()&amp#27;[0m
  &amp#27;[32mAnd &amp#27;[0m&amp#27;[32mmy billing details are&amp#27;[0m                   &amp#27;[90m# acceptence.stepdefinations.CustomerStepDefinitions.myBillingDetailsAre(acceptence.domainobjects.BillingDetails)&amp#27;[0m
    | firstname | lastname | country            | address_line1     | city  | state | zip   | email              |
    | demo      | user     | United States (US) | 6300 Spring Creek | Plano | Texas | 75024 | askomdch@gmail.com |
Request method:	POST
Request URI:	https://askomdch.com/?wc-ajax=add_to_cart
Proxy:			<none>
Request params:	<none>
Query params:	<none>
Form params:	product_sku=
				quantity=1
				product_id=1215
Path params:	<none>
Headers:		Accept=*/*
				Content-Type=application/x-www-form-urlencoded; charset=ISO-8859-1
Cookies:		<none>
Multiparts:		<none>
Body:			<none>
  &amp#27;[32mWhen &amp#27;[0m&amp#27;[32mI add a &amp#27;[0m&amp#27;[32m&amp#27;[1m"Blue Shoes"&amp#27;[0m&amp#27;[32m to the cart&amp#27;[0m        &amp#27;[90m# acceptence.stepdefinations.StoreStepDefinitions.iAddAToTheCart(acceptence.domainobjects.Product)&amp#27;[0m
  &amp#27;[32mWhen &amp#27;[0m&amp#27;[32mI add a &amp#27;[0m&amp#27;[32m&amp#27;[1m"Anchor Bracelet"&amp#27;[0m&amp#27;[32m to the cart&amp#27;[0m        &amp#27;[90m# acceptence.stepdefinations.StoreStepDefinitions.iAddAToTheCart(acceptence.domainobjects.Product)&amp#27;[0m
  &amp#27;[32mThen &amp#27;[0m&amp#27;[32mI should see &amp#27;[0m&amp#27;[32m&amp#27;[1m1&amp#27;[0m&amp#27;[32m &amp#27;[0m&amp#27;[32m&amp#27;[1m"Blue Shoes"&amp#27;[0m&amp#27;[32m in the cart&amp#27;[0m &amp#27;[90m# acceptence.stepdefinations.CartStepDefinitions.iShouldSeeInTheCart(int,acceptence.domainobjects.Product)&amp#27;[0m
AFTER: THREAD ID : 17,SCENARIO NAME: Add one quantity from Store
  &amp#27;[32mThen &amp#27;[0m&amp#27;[32mI should see &amp#27;[0m&amp#27;[32m&amp#27;[1m1&amp#27;[0m&amp#27;[32m &amp#27;[0m&amp#27;[32m&amp#27;[1m"Anchor Bracelet"&amp#27;[0m&amp#27;[32m in the cart&amp#27;[0m &amp#27;[90m# acceptence.stepdefinations.CartStepDefinitions.iShouldSeeInTheCart(int,acceptence.domainobjects.Product)&amp#27;[0m
AFTER: THREAD ID : 18,SCENARIO NAME: Add one quantity from Store
HTTP/1.1 200 OK
Date: Mon, 05 Jun 2023 16:52:43 GMT
Content-Type: application/json; charset=UTF-8
Transfer-Encoding: chunked
Connection: keep-alive
vary: Accept-Encoding
x-content-type-options: nosniff
x-content-type-options: nosniff
x-robots-tag: noindex
set-cookie: woocommerce_items_in_cart=1; path=/
expires: Wed, 11 Jan 1984 05:00:00 GMT
Cache-Control: no-cache, must-revalidate, max-age=0
strict-transport-security: max-age=63072000
x-frame-options: SAMEORIGIN
x-xss-protection: 1; mode=block
Content-Encoding: gzip
CF-Cache-Status: DYNAMIC
set-cookie: woocommerce_cart_hash=42e65b245308ba4f486b61612707a993; path=/
set-cookie: wp_woocommerce_session_e39c30ea93030240fdcfed1ddf385ba1=t_b4ce83bd9f6844793c7f3752efc8aa%7C%7C1686156763%7C%7C1686153163%7C%7C325d36439423714815f2826cd25f6da0; expires=Wed, 07-Jun-2023 16:52:43 GMT; Max-Age=172800; path=/; secure; HttpOnly
set-cookie: woocommerce_items_in_cart=1; path=/
set-cookie: woocommerce_cart_hash=077edd270071e91cf806e27ea69d99f4; path=/
set-cookie: wp_woocommerce_session_e39c30ea93030240fdcfed1ddf385ba1=t_b4ce83bd9f6844793c7f3752efc8aa%7C%7C1686156763%7C%7C1686153163%7C%7C325d36439423714815f2826cd25f6da0; expires=Wed, 07-Jun-2023 16:52:43 GMT; Max-Age=172800; path=/; secure; HttpOnly
Report-To: {"endpoints":[{"url":"https:\/\/a.nel.cloudflare.com\/report\/v3?s=DZVWl5gf442PG7rWjs3eVx6vYOCuAHKgFwUvLP7pAVM%2B0XM8X4Wjb2JehAqeLrYY%2BR2zfPkTJ8lCi7wLvleCX%2Bs5BQEYzMCYiAJCvBimiwgy93p4T4ue1tl%2BQVaIffY%3D"}],"group":"cf-nel","max_age":604800}
NEL: {"success_fraction":0,"report_to":"cf-nel","max_age":604800}
Server: cloudflare
CF-RAY: 7d29ed79ff817572-LHR
alt-svc: h3=":443"; ma=86400

{
    "fragments": {
        "div.widget_shopping_cart_content": "<div class=\"widget_shopping_cart_content\">\n\n\t<ul class=\"woocommerce-mini-cart cart_list product_list_widget \">\n\t\t\t\t\t\t<li class=\"woocommerce-mini-cart-item mini_cart_item\">\n\t\t\t\t\t<a href=\"https://askomdch.com/cart/?remove_item=a4d2f0d23dcc84ce983ff9157f8b7f88&#038;_wpnonce=b74fd0415b\" class=\"remove remove_from_cart_button\" aria-label=\"Remove this item\" data-product_id=\"1215\" data-cart_item_key=\"a4d2f0d23dcc84ce983ff9157f8b7f88\" data-product_sku=\"\">&times;</a>\t\t\t\t\t\t\t\t\t\t\t<a href=\"https://askomdch.com/product/blue-shoes/\">\n\t\t\t\t\t\t\t<img width=\"300\" height=\"300\" src=\"https://askomdch.com/wp-content/uploads/2021/06/pro-14-300x300.jpg\" class=\"attachment-woocommerce_thumbnail size-woocommerce_thumbnail\" alt=\"\" srcset=\"https://askomdch.com/wp-content/uploads/2021/06/pro-14-300x300.jpg 300w, https://askomdch.com/wp-content/uploads/2021/06/pro-14-150x150.jpg 150w, https://askomdch.com/wp-content/uploads/2021/06/pro-14-100x100.jpg 100w, https://askomdch.com/wp-content/uploads/2021/06/pro-14.jpg 600w\" sizes=\"(max-width: 300px) 100vw, 300px\" />Blue Shoes\t\t\t\t\t\t</a>\n\t\t\t\t\t\t\t\t\t\t\t\t\t\t\t<span class=\"quantity\">1 &times; <span class=\"woocommerce-Price-amount amount\"><bdi><span class=\"woocommerce-Price-currencySymbol\">&#36;</span>45.00</bdi></span></span>\t\t\t\t</li>\n\t\t\t\t\t</ul>\n\n\t<p class=\"woocommerce-mini-cart__total total\">\n\t\t<strong>Subtotal:</strong> <span class=\"woocommerce-Price-amount amount\"><bdi><span class=\"woocommerce-Price-currencySymbol\">&#36;</span>45.00</bdi></span>\t</p>\n\n\t\n\t<p class=\"woocommerce-mini-cart__buttons buttons\"><a href=\"https://askomdch.com/cart/\" class=\"button wc-forward\">View cart</a><a href=\"https://askomdch.com/checkout/\" class=\"button checkout wc-forward\">Checkout</a></p>\n\n\t\n\n</div>",
        "a.cart-container": "\t\t\t<a class=\"cart-container\" href=\"https://askomdch.com/cart/\" title=\"View your shopping cart\">\r\n\r\n\t\t\t\t\t\t\t\t\t\t\t\t\t<div class=\"ast-cart-menu-wrap\">\r\n\t\t\t\t\t\t\t\t<span class=\"count\">\r\n\t\t\t\t\t\t\t\t\t1\t\t\t\t\t\t\t\t</span>\r\n\t\t\t\t\t\t\t</div>\r\n\t\t\t\t\t\t\t\t\t\t</a>\r\n\t\t\t"
    },
    "cart_hash": "077edd270071e91cf806e27ea69d99f4"
}
COUNTER 0: woocommerce_items_in_cart=1; path=/
COUNTER 1: woocommerce_cart_hash=42e65b245308ba4f486b61612707a993; path=/
COUNTER 2: wp_woocommerce_session_e39c30ea93030240fdcfed1ddf385ba1=t_b4ce83bd9f6844793c7f3752efc8aa%7C%7C1686156763%7C%7C1686153163%7C%7C325d36439423714815f2826cd25f6da0; expires=Wed, 07 Jun 2023 05:52:43 BST; path=/;secure;
COUNTER 3: woocommerce_items_in_cart=1; path=/
COUNTER 4: woocommerce_cart_hash=077edd270071e91cf806e27ea69d99f4; path=/
COUNTER 5: wp_woocommerce_session_e39c30ea93030240fdcfed1ddf385ba1=t_b4ce83bd9f6844793c7f3752efc8aa%7C%7C1686156763%7C%7C1686153163%7C%7C325d36439423714815f2826cd25f6da0; expires=Wed, 07 Jun 2023 05:52:43 BST; path=/;secure;
  &amp#27;[32mAnd &amp#27;[0m&amp#27;[32mI have a product in the cart&amp#27;[0m             &amp#27;[90m# acceptence.stepdefinations.StoreStepDefinitions.iHaveAProductInTheCart()&amp#27;[0m
  &amp#27;[32mAnd &amp#27;[0m&amp#27;[32mI'm on the Checkout page&amp#27;[0m                 &amp#27;[90m# acceptence.stepdefinations.CheckoutStepDefinitions.iMOnTheCheckoutPage()&amp#27;[0m
]]></system-out>
    <system-err><![CDATA[SLF4J: No SLF4J providers were found.
SLF4J: Defaulting to no-operation (NOP) logger implementation
SLF4J: See https://www.slf4j.org/codes.html#noProviders for further details.
SSttaarrttSiinngtga  CCrhthrrionomg eCDrhirvomemre eDD1r1ri4iv.v0ee.rr5  711311544...9000.. 55(733856.b9c00 9(e388f64bfc20e90e285fe4dfd2aee012253efd3d6afe6122633f03966fa6e2469-3r07e9f6sa/3ebr4a9n5-crhe-f.hse/bar9dasn/c57h3-5h@e{a0 #1(d03s/8567b53c205}9@)e{ 8#o1fn40 f5p22o}er0)t2  o56ne7 d5pd4ao
erOt1n2 l33yf0 3l86of7c562a
6lO3 n0cl96oyn lnoceaacelt4i 9co-norns enafresec/t ibaorlnaslno cwahre-deh. 
eaPalldelsao/sw5ee73 5d@s.{e
#Pe1l 0he5ta2ts}pe) s :os/ne/ cep horhtrottmp es1d:1r/1/i3v3e
crh.Ocrohnmrleoydm riveiumlorc..aocrlgh /rsceoocmunrneciittiyo-nucs oanmrsei .daelrolaotwiroendsg. 
f/Polre sasse eseec https:uu/r/gichtryo-gmcoeedrstiivnoenrss. cohnr omkieume.poiidrengrg/a tsCeihcorunosrmi etfDoyr-ri cvoseunrsg igsdeaesftreaio.tn
ions s Cofhnorr ok mseeeuDgprigeinstgvi eoChrn rsow maoesnD r ksietveapeirrnt egd s Casfheu.cr
coemseCsDhfrruiolmvleeyDr .rs
iafveer. 
wasC hrsomtaeDrtrediv esru cwcaess sfsutlalryt.e
d successfully.
Jun 05, 2023 5:52:40 PM org.openqa.selenium.devtools.CdpVersionFinder findNearestMatch
WARNING: Unable to find an exact match for CDP version 114, so returning the closest version found: 111
Jun 05, 2023 5:52:40 PM org.openqa.selenium.devtools.CdpVersionFinder findNearestMatch
WARNING: Unable to find an exact match for CDP version 114, so returning the closest version found: 111
Jun 05, 2023 5:52:40 PM org.openqa.selenium.devtools.CdpVersionFinder findNearestMatch
WARNING: Unable to find an exact match for CDP version 114, so returning the closest version found: 111
]]></system-err>
  </testcase>
  <testcase name="runScenario[&quot;Add one quantity from Store&quot;, &quot;Optional[Add to cart]&quot;](2)" classname="acceptence.runners.MyTestNGRunnerTest" time="9.598"/>
  <testcase name="runScenario[&quot;using default payment option&quot;, &quot;Optional[Place an order]&quot;](3)" classname="acceptence.runners.MyTestNGRunnerTest" time="15.115">
    <system-out><![CDATA[  &amp#27;[32mWhen &amp#27;[0m&amp#27;[32mI provide billing details&amp#27;[0m               &amp#27;[90m# acceptence.stepdefinations.CheckoutStepDefinitions.iProvideBillingDetails()&amp#27;[0m
OVERLAY SIZE2
OVERLAYS INVISIBLE
  &amp#27;[32mAnd &amp#27;[0m&amp#27;[32mI place an order&amp#27;[0m                         &amp#27;[90m# acceptence.stepdefinations.CheckoutStepDefinitions.iPlaceAnOrder()&amp#27;[0m
  &amp#27;[32mThen &amp#27;[0m&amp#27;[32mthe order should be placed successfully&amp#27;[0m &amp#27;[90m# acceptence.stepdefinations.CheckoutStepDefinitions.theOrderShouldBePlacedSuccessfully()&amp#27;[0m
AFTER: THREAD ID : 19,SCENARIO NAME: using default payment option
]]></system-out>
  </testcase>
</testsuite>