<?xml version="1.0" encoding="UTF-8"?>
<testng-results ignored="0" total="3" passed="3" failed="0" skipped="0">
  <reporter-output>
  </reporter-output>
  <suite started-at="2023-06-05T17:52:36 BST" name="Surefire suite" finished-at="2023-06-05T17:52:52 BST" duration-ms="16173">
    <groups>
      <group name="cucumber">
        <method signature="AbstractTestNGCucumberTests.runScenario(io.cucumber.testng.PickleWrapper,io.cucumber.testng.FeatureWrapper)[pri:0, instance:acceptence.runners.MyTestNGRunnerTest@3bbc39f8]" name="runScenario" class="io.cucumber.testng.AbstractTestNGCucumberTests"/>
      </group> <!-- cucumber -->
    </groups>
    <test started-at="2023-06-05T17:52:36 BST" name="Surefire test" finished-at="2023-06-05T17:52:52 BST" duration-ms="16173">
      <class name="acceptence.runners.MyTestNGRunnerTest">
        <test-method is-config="true" signature="setUpClass(org.testng.ITestContext)[pri:0, instance:acceptence.runners.MyTestNGRunnerTest@3bbc39f8]" started-at="2023-06-05T17:52:36 BST" name="setUpClass" finished-at="2023-06-05T17:52:37 BST" duration-ms="239" status="PASS">
          <params>
            <param index="0">
              <value>
                <![CDATA[org.testng.TestRunner@4a3e3e8b]]>
              </value>
            </param>
          </params>
          <reporter-output>
          </reporter-output>
        </test-method> <!-- setUpClass -->
        <test-method signature="runScenario(io.cucumber.testng.PickleWrapper,io.cucumber.testng.FeatureWrapper)[pri:0, instance:acceptence.runners.MyTestNGRunnerTest@3bbc39f8]" started-at="2023-06-05T17:52:37 BST" name="runScenario" description="Runs Cucumber Scenarios" data-provider="scenarios" finished-at="2023-06-05T17:52:46 BST" duration-ms="9584" status="PASS">
          <params>
            <param index="0">
              <value>
                <![CDATA["Add one quantity from Store"]]>
              </value>
            </param>
            <param index="1">
              <value>
                <![CDATA["Optional[Add to cart]"]]>
              </value>
            </param>
          </params>
          <reporter-output>
          </reporter-output>
        </test-method> <!-- runScenario -->
        <test-method signature="runScenario(io.cucumber.testng.PickleWrapper,io.cucumber.testng.FeatureWrapper)[pri:0, instance:acceptence.runners.MyTestNGRunnerTest@3bbc39f8]" started-at="2023-06-05T17:52:37 BST" name="runScenario" description="Runs Cucumber Scenarios" data-provider="scenarios" finished-at="2023-06-05T17:52:52 BST" duration-ms="15113" status="PASS">
          <params>
            <param index="0">
              <value>
                <![CDATA["using default payment option"]]>
              </value>
            </param>
            <param index="1">
              <value>
                <![CDATA["Optional[Place an order]"]]>
              </value>
            </param>
          </params>
          <reporter-output>
          </reporter-output>
        </test-method> <!-- runScenario -->
        <test-method signature="runScenario(io.cucumber.testng.PickleWrapper,io.cucumber.testng.FeatureWrapper)[pri:0, instance:acceptence.runners.MyTestNGRunnerTest@3bbc39f8]" started-at="2023-06-05T17:52:37 BST" name="runScenario" description="Runs Cucumber Scenarios" data-provider="scenarios" finished-at="2023-06-05T17:52:46 BST" duration-ms="9584" status="PASS">
          <params>
            <param index="0">
              <value>
                <![CDATA["Add one quantity from Store"]]>
              </value>
            </param>
            <param index="1">
              <value>
                <![CDATA["Optional[Add to cart]"]]>
              </value>
            </param>
          </params>
          <reporter-output>
          </reporter-output>
        </test-method> <!-- runScenario -->
        <test-method is-config="true" signature="tearDownClass()[pri:0, instance:acceptence.runners.MyTestNGRunnerTest@3bbc39f8]" started-at="2023-06-05T17:52:52 BST" name="tearDownClass" finished-at="2023-06-05T17:52:52 BST" duration-ms="804" status="PASS">
          <reporter-output>
          </reporter-output>
        </test-method> <!-- tearDownClass -->
      </class> <!-- acceptence.runners.MyTestNGRunnerTest -->
    </test> <!-- Surefire test -->
  </suite> <!-- Surefire suite -->
</testng-results>
